--- cursor-agent output start ---
Story P1-005 is complete. Here's a summary:

## P1-005: What if different country comparison - COMPLETED

### What was implemented:

**Modified:** `src/features/compliance/components/ClassificationV10.tsx` (~250 lines added)

**Features:**
1. **Compare Countries button** - Purple-themed button in action buttons section
2. **Country comparison modal** - Shows duty rates for multiple countries side by side
3. **18 available countries** - CN, VN, IN, MX, TH (default), plus ID, MY, TW, KR, JP, DE, IT, GB, CA, BD, PK, PH, BR
4. **Country cards sorted by effective rate** - Lowest duty first
5. **Best option highlighted** - Green background + Award badge
6. **Current selection marked** - Purple tag for user's origin country
7. **Duty breakdown tags** - Base (cyan), FTA (green), IEEPA (orange), ยง301 (red), ยง232 (magenta)
8. **Savings comparison** - Shows exact % difference vs current selection
9. **Add/remove countries** - Select dropdown with Update Comparison button

**API Used:** `/api/duty-comparison` (already existed)
- GET: Returns list of available countries
- POST: Compares duty rates across specified countries

### Files updated:
- `src/features/compliance/components/ClassificationV10.tsx` - Country comparison modal UI
- `prd.json` - Story P1-005 marked as `passes: true`
- `progress.txt` - Learnings documented

### Manual action required:
Git commands were restricted. Please run:

```bash
git add -A && git commit -m "feat(P1-005): Add country comparison modal for duty rate comparison"
```
--- cursor-agent output end ---
