
========================================
[2026-01-19 15:13:33] Ralph session started
[2026-01-19 15:13:33] Max iterations: 20
[2026-01-19 15:13:33] Starting iteration 1 - Story: P0-002 (Save classification to My Products)
[2026-01-19 15:13:33] Prompt file created: /Users/smithchrish/Projects/sourcify/.ralph/iteration-1-prompt.md (     762 lines)
[2026-01-19 15:13:33] Launching cursor-agent...
[2026-01-19 15:17:07] cursor-agent finished (exit code: 0, duration: 214s)
[2026-01-19 15:17:07] Output log: /Users/smithchrish/Projects/sourcify/.ralph/iteration-1.log (      42 lines)
[2026-01-19 15:17:07] ✅ Story completed! Stories remaining: 20
[2026-01-19 15:17:07] Latest commit: aa74b41 docs: update progress - Phase 0 complete
[2026-01-19 15:17:10] Starting iteration 2 - Story: P1-001 (Add AI reasoning to classification results)
[2026-01-19 15:17:10] Prompt file created: /Users/smithchrish/Projects/sourcify/.ralph/iteration-2-prompt.md (     803 lines)
[2026-01-19 15:17:10] Launching cursor-agent...
[2026-01-19 15:20:37] cursor-agent finished (exit code: 1, duration: 207s)
[2026-01-19 15:20:37] Output log: /Users/smithchrish/Projects/sourcify/.ralph/iteration-2.log (       3 lines)
[2026-01-19 15:20:37] ⚠️ Story not marked complete. Stories remaining: 20
[2026-01-19 15:20:37] Latest commit: aa74b41 docs: update progress - Phase 0 complete
[2026-01-19 15:20:40] Starting iteration 3 - Story: P1-001 (Add AI reasoning to classification results)
[2026-01-19 15:20:40] Prompt file created: /Users/smithchrish/Projects/sourcify/.ralph/iteration-3-prompt.md (     808 lines)
[2026-01-19 15:20:40] Launching cursor-agent...
[2026-01-19 15:24:17] cursor-agent finished (exit code: 0, duration: 217s)
[2026-01-19 15:24:17] Output log: /Users/smithchrish/Projects/sourcify/.ralph/iteration-3.log (      47 lines)
[2026-01-19 15:24:17] ✅ Story completed! Stories remaining: 19
[2026-01-19 15:24:17] Latest commit: aa74b41 docs: update progress - Phase 0 complete
[2026-01-19 15:24:20] Starting iteration 4 - Story: P1-002 (Build bulk classification UI)
[2026-01-19 15:24:20] Prompt file created: /Users/smithchrish/Projects/sourcify/.ralph/iteration-4-prompt.md (     851 lines)
[2026-01-19 15:24:20] Launching cursor-agent...
[2026-01-19 15:29:15] cursor-agent finished (exit code: 0, duration: 295s)
[2026-01-19 15:29:15] Output log: /Users/smithchrish/Projects/sourcify/.ralph/iteration-4.log (      39 lines)
[2026-01-19 15:29:15] ✅ Story completed! Stories remaining: 18
[2026-01-19 15:29:15] Latest commit: aa74b41 docs: update progress - Phase 0 complete
[2026-01-19 15:29:18] Starting iteration 5 - Story: P2-001 (Build landed cost calculator page)
[2026-01-19 15:29:18] Prompt file created: /Users/smithchrish/Projects/sourcify/.ralph/iteration-5-prompt.md (     898 lines)
[2026-01-19 15:29:18] Launching cursor-agent...
[2026-01-19 15:33:44] cursor-agent finished (exit code: 0, duration: 266s)
[2026-01-19 15:33:44] Output log: /Users/smithchrish/Projects/sourcify/.ralph/iteration-5.log (      51 lines)
[2026-01-19 15:33:44] ✅ Story completed! Stories remaining: 17
[2026-01-19 15:33:44] Latest commit: aa74b41 docs: update progress - Phase 0 complete
[2026-01-19 15:33:47] Starting iteration 6 - Story: P2-001 (Build landed cost calculator page)
[2026-01-19 15:33:47] Prompt file created: /Users/smithchrish/Projects/sourcify/.ralph/iteration-6-prompt.md (     951 lines)
[2026-01-19 15:33:47] Launching cursor-agent...
[2026-01-19 15:37:27] cursor-agent finished (exit code: 0, duration: 220s)
[2026-01-19 15:37:27] Output log: /Users/smithchrish/Projects/sourcify/.ralph/iteration-6.log (      58 lines)
[2026-01-19 15:37:27] ✅ Story completed! Stories remaining: 16
[2026-01-19 15:37:27] Latest commit: aa74b41 docs: update progress - Phase 0 complete
[2026-01-19 15:37:30] Starting iteration 7 - Story: P2-001 (Build landed cost calculator page)
[2026-01-19 15:37:30] Prompt file created: /Users/smithchrish/Projects/sourcify/.ralph/iteration-7-prompt.md (    1019 lines)
[2026-01-19 15:37:30] Launching cursor-agent...
[2026-01-19 15:42:47] cursor-agent finished (exit code: 0, duration: 317s)
[2026-01-19 15:42:47] Output log: /Users/smithchrish/Projects/sourcify/.ralph/iteration-7.log (      45 lines)
[2026-01-19 15:42:47] ✅ Story completed! Stories remaining: 15
[2026-01-19 15:42:47] Latest commit: aa74b41 docs: update progress - Phase 0 complete
[2026-01-19 15:42:51] Starting iteration 8 - Story: P2-001 (Build landed cost calculator page)
[2026-01-19 15:42:51] Prompt file created: /Users/smithchrish/Projects/sourcify/.ralph/iteration-8-prompt.md (    1091 lines)
[2026-01-19 15:42:51] Launching cursor-agent...
[2026-01-19 15:46:05] cursor-agent finished (exit code: 0, duration: 194s)
[2026-01-19 15:46:05] Output log: /Users/smithchrish/Projects/sourcify/.ralph/iteration-8.log (      39 lines)
[2026-01-19 15:46:05] ✅ Story completed! Stories remaining: 14
[2026-01-19 15:46:05] Latest commit: aa74b41 docs: update progress - Phase 0 complete
[2026-01-19 15:46:08] Starting iteration 9 - Story: P2-001 (Build landed cost calculator page)
[2026-01-19 15:46:08] Prompt file created: /Users/smithchrish/Projects/sourcify/.ralph/iteration-9-prompt.md (    1158 lines)
[2026-01-19 15:46:08] Launching cursor-agent...
[2026-01-19 15:50:34] cursor-agent finished (exit code: 0, duration: 266s)
[2026-01-19 15:50:34] Output log: /Users/smithchrish/Projects/sourcify/.ralph/iteration-9.log (      46 lines)
[2026-01-19 15:50:34] ✅ Story completed! Stories remaining: 13
[2026-01-19 15:50:34] Latest commit: aa74b41 docs: update progress - Phase 0 complete
[2026-01-19 15:50:37] Starting iteration 10 - Story: P2-001 (Build landed cost calculator page)
[2026-01-19 15:50:37] Prompt file created: /Users/smithchrish/Projects/sourcify/.ralph/iteration-10-prompt.md (    1226 lines)
[2026-01-19 15:50:37] Launching cursor-agent...
[2026-01-19 15:55:23] cursor-agent finished (exit code: 0, duration: 286s)
[2026-01-19 15:55:23] Output log: /Users/smithchrish/Projects/sourcify/.ralph/iteration-10.log (      46 lines)
[2026-01-19 15:55:23] ✅ Story completed! Stories remaining: 12
[2026-01-19 15:55:23] Latest commit: aa74b41 docs: update progress - Phase 0 complete
[2026-01-19 15:55:26] Starting iteration 11 - Story: P2-001 (Build landed cost calculator page)
[2026-01-19 15:55:26] Prompt file created: /Users/smithchrish/Projects/sourcify/.ralph/iteration-11-prompt.md (    1302 lines)
[2026-01-19 15:55:26] Launching cursor-agent...
[2026-01-19 16:01:17] cursor-agent finished (exit code: 1, duration: 351s)
[2026-01-19 16:01:17] Output log: /Users/smithchrish/Projects/sourcify/.ralph/iteration-11.log (       3 lines)
[2026-01-19 16:01:17] ⚠️ Story not marked complete. Stories remaining: 12
[2026-01-19 16:01:17] Latest commit: aa74b41 docs: update progress - Phase 0 complete
[2026-01-19 16:01:21] Starting iteration 12 - Story: P2-001 (Build landed cost calculator page)
[2026-01-19 16:01:21] Prompt file created: /Users/smithchrish/Projects/sourcify/.ralph/iteration-12-prompt.md (    1307 lines)
[2026-01-19 16:01:21] Launching cursor-agent...
[2026-01-19 16:07:17] cursor-agent finished (exit code: 0, duration: 356s)
[2026-01-19 16:07:17] Output log: /Users/smithchrish/Projects/sourcify/.ralph/iteration-12.log (      36 lines)
[2026-01-19 16:07:17] ✅ Story completed! Stories remaining: 11
[2026-01-19 16:07:17] Latest commit: aa74b41 docs: update progress - Phase 0 complete
[2026-01-19 16:07:20] Starting iteration 13 - Story: P2-001 (Build landed cost calculator page)
[2026-01-19 16:07:20] Prompt file created: /Users/smithchrish/Projects/sourcify/.ralph/iteration-13-prompt.md (    1378 lines)
[2026-01-19 16:07:20] Launching cursor-agent...
[2026-01-19 16:11:20] cursor-agent finished (exit code: 0, duration: 240s)
[2026-01-19 16:11:20] Output log: /Users/smithchrish/Projects/sourcify/.ralph/iteration-13.log (      45 lines)
[2026-01-19 16:11:20] ✅ Story completed! Stories remaining: 9
[2026-01-19 16:11:20] Latest commit: aa74b41 docs: update progress - Phase 0 complete
[2026-01-19 16:11:23] Starting iteration 14 - Story: P3-001 (Ingest OFAC SDN list)
[2026-01-19 16:11:23] Prompt file created: /Users/smithchrish/Projects/sourcify/.ralph/iteration-14-prompt.md (    1450 lines)
[2026-01-19 16:11:23] Launching cursor-agent...
[2026-01-19 16:15:16] cursor-agent finished (exit code: 0, duration: 233s)
[2026-01-19 16:15:16] Output log: /Users/smithchrish/Projects/sourcify/.ralph/iteration-14.log (      41 lines)
[2026-01-19 16:15:16] ✅ Story completed! Stories remaining: 8
[2026-01-19 16:15:16] Latest commit: aa74b41 docs: update progress - Phase 0 complete
[2026-01-19 16:15:19] Starting iteration 15 - Story: P3-002 (Ingest BIS restricted party lists)
[2026-01-19 16:15:19] Prompt file created: /Users/smithchrish/Projects/sourcify/.ralph/iteration-15-prompt.md (    1524 lines)
[2026-01-19 16:15:19] Launching cursor-agent...
[2026-01-19 16:20:15] cursor-agent finished (exit code: 0, duration: 296s)
[2026-01-19 16:20:15] Output log: /Users/smithchrish/Projects/sourcify/.ralph/iteration-15.log (      69 lines)
[2026-01-19 16:20:15] ✅ Story completed! Stories remaining: 7
[2026-01-19 16:20:15] Latest commit: aa74b41 docs: update progress - Phase 0 complete
[2026-01-19 16:20:18] Starting iteration 16 - Story: P3-003 (Build denied party search UI)
[2026-01-19 16:20:18] Prompt file created: /Users/smithchrish/Projects/sourcify/.ralph/iteration-16-prompt.md (    1587 lines)
[2026-01-19 16:20:18] Launching cursor-agent...
[2026-01-19 16:23:53] cursor-agent finished (exit code: 0, duration: 215s)
[2026-01-19 16:23:53] Output log: /Users/smithchrish/Projects/sourcify/.ralph/iteration-16.log (      37 lines)
[2026-01-19 16:23:53] ✅ Story completed! Stories remaining: 6
[2026-01-19 16:23:53] Latest commit: aa74b41 docs: update progress - Phase 0 complete
[2026-01-19 16:23:56] Starting iteration 17 - Story: P3-005 (Build ADD/CVD lookup)
[2026-01-19 16:23:56] Prompt file created: /Users/smithchrish/Projects/sourcify/.ralph/iteration-17-prompt.md (    1645 lines)
[2026-01-19 16:23:56] Launching cursor-agent...
[2026-01-19 16:29:41] cursor-agent finished (exit code: 0, duration: 345s)
[2026-01-19 16:29:41] Output log: /Users/smithchrish/Projects/sourcify/.ralph/iteration-17.log (      10 lines)
[2026-01-19 16:29:41] ✅ Story completed! Stories remaining: 5
[2026-01-19 16:29:41] Latest commit: aa74b41 docs: update progress - Phase 0 complete
[2026-01-19 16:29:44] Starting iteration 18 - Story: P2-003 (Save and compare scenarios)
[2026-01-19 16:29:45] Prompt file created: /Users/smithchrish/Projects/sourcify/.ralph/iteration-18-prompt.md (    1697 lines)
[2026-01-19 16:29:45] Launching cursor-agent...
[2026-01-19 16:34:14] cursor-agent finished (exit code: 0, duration: 269s)
[2026-01-19 16:34:14] Output log: /Users/smithchrish/Projects/sourcify/.ralph/iteration-18.log (      53 lines)
[2026-01-19 16:34:14] ✅ Story completed! Stories remaining: 4
[2026-01-19 16:34:14] Latest commit: aa74b41 docs: update progress - Phase 0 complete
[2026-01-19 16:34:17] Starting iteration 19 - Story: P3-004 (Batch denied party screening)
[2026-01-19 16:34:17] Prompt file created: /Users/smithchrish/Projects/sourcify/.ralph/iteration-19-prompt.md (    1775 lines)
[2026-01-19 16:34:17] Launching cursor-agent...
[2026-01-19 16:40:42] cursor-agent finished (exit code: 0, duration: 385s)
[2026-01-19 16:40:42] Output log: /Users/smithchrish/Projects/sourcify/.ralph/iteration-19.log (      36 lines)
[2026-01-19 16:40:42] ✅ Story completed! Stories remaining: 3
[2026-01-19 16:40:42] Latest commit: aa74b41 docs: update progress - Phase 0 complete
[2026-01-19 16:40:45] Starting iteration 20 - Story: P3-006 (Build PGA requirements lookup)
[2026-01-19 16:40:45] Prompt file created: /Users/smithchrish/Projects/sourcify/.ralph/iteration-20-prompt.md (    1848 lines)
[2026-01-19 16:40:45] Launching cursor-agent...

========================================
[2026-01-19 16:43:17] Ralph session started
[2026-01-19 16:43:17] Max iterations: 10
[2026-01-19 16:43:17] Starting iteration 1 - Story: P3-006 (Build PGA requirements lookup)
[2026-01-19 16:43:17] Prompt file created: /Users/smithchrish/Projects/sourcify/.ralph/iteration-1-prompt.md (    1848 lines)
[2026-01-19 16:43:17] Launching cursor-agent...
[2026-01-19 16:48:40] cursor-agent finished (exit code: 1, duration: 323s)
[2026-01-19 16:48:40] Output log: /Users/smithchrish/Projects/sourcify/.ralph/iteration-1.log (       3 lines)
[2026-01-19 16:48:40] ⚠️ Story not marked complete. Stories remaining: 3
[2026-01-19 16:48:40] Latest commit: aa74b41 docs: update progress - Phase 0 complete
[2026-01-19 16:48:40] cursor-agent finished (exit code: 1, duration: 475s)
[2026-01-19 16:48:40] Output log: /Users/smithchrish/Projects/sourcify/.ralph/iteration-20.log (       3 lines)
[2026-01-19 16:48:40] ⚠️ Story not marked complete. Stories remaining: 3
[2026-01-19 16:48:40] Latest commit: aa74b41 docs: update progress - Phase 0 complete
[2026-01-19 16:48:43] Starting iteration 2 - Story: P3-006 (Build PGA requirements lookup)
[2026-01-19 16:48:43] Prompt file created: /Users/smithchrish/Projects/sourcify/.ralph/iteration-2-prompt.md (    1858 lines)
[2026-01-19 16:48:43] Launching cursor-agent...
[2026-01-19 16:48:43] Max iterations reached. Stories remaining: 3
[2026-01-19 16:51:08] cursor-agent finished (exit code: 1, duration: 145s)
[2026-01-19 16:51:08] Output log: /Users/smithchrish/Projects/sourcify/.ralph/iteration-2.log (       3 lines)
[2026-01-19 16:51:08] ⚠️ Story not marked complete. Stories remaining: 3
[2026-01-19 16:51:08] Latest commit: aa74b41 docs: update progress - Phase 0 complete
[2026-01-19 16:51:11] Starting iteration 3 - Story: P3-006 (Build PGA requirements lookup)
[2026-01-19 16:51:11] Prompt file created: /Users/smithchrish/Projects/sourcify/.ralph/iteration-3-prompt.md (    1863 lines)
[2026-01-19 16:51:11] Launching cursor-agent...
[2026-01-19 16:51:45] cursor-agent finished (exit code: 1, duration: 34s)
[2026-01-19 16:51:45] Output log: /Users/smithchrish/Projects/sourcify/.ralph/iteration-3.log (       3 lines)
[2026-01-19 16:51:45] ⚠️ Story not marked complete. Stories remaining: 3
[2026-01-19 16:51:45] Latest commit: aa74b41 docs: update progress - Phase 0 complete
[2026-01-19 16:51:48] Starting iteration 4 - Story: P3-006 (Build PGA requirements lookup)
[2026-01-19 16:51:48] Prompt file created: /Users/smithchrish/Projects/sourcify/.ralph/iteration-4-prompt.md (    1868 lines)
[2026-01-19 16:51:48] Launching cursor-agent...
[2026-01-19 16:54:00] cursor-agent finished (exit code: 1, duration: 132s)
[2026-01-19 16:54:01] Output log: /Users/smithchrish/Projects/sourcify/.ralph/iteration-4.log (       3 lines)
[2026-01-19 16:54:01] ⚠️ Story not marked complete. Stories remaining: 3
[2026-01-19 16:54:01] Latest commit: aa74b41 docs: update progress - Phase 0 complete
[2026-01-19 16:54:04] Starting iteration 5 - Story: P3-006 (Build PGA requirements lookup)
[2026-01-19 16:54:04] Prompt file created: /Users/smithchrish/Projects/sourcify/.ralph/iteration-5-prompt.md (    1873 lines)
[2026-01-19 16:54:04] Launching cursor-agent...
[2026-01-19 16:55:53] cursor-agent finished (exit code: 1, duration: 109s)
[2026-01-19 16:55:53] Output log: /Users/smithchrish/Projects/sourcify/.ralph/iteration-5.log (       3 lines)
[2026-01-19 16:55:53] ⚠️ Story not marked complete. Stories remaining: 3
[2026-01-19 16:55:53] Latest commit: aa74b41 docs: update progress - Phase 0 complete
[2026-01-19 16:55:56] Starting iteration 6 - Story: P3-006 (Build PGA requirements lookup)
[2026-01-19 16:55:56] Prompt file created: /Users/smithchrish/Projects/sourcify/.ralph/iteration-6-prompt.md (    1878 lines)
[2026-01-19 16:55:56] Launching cursor-agent...
[2026-01-19 16:57:51] cursor-agent finished (exit code: 1, duration: 115s)
[2026-01-19 16:57:51] Output log: /Users/smithchrish/Projects/sourcify/.ralph/iteration-6.log (       3 lines)
[2026-01-19 16:57:51] ⚠️ Story not marked complete. Stories remaining: 3
[2026-01-19 16:57:51] Latest commit: aa74b41 docs: update progress - Phase 0 complete
[2026-01-19 16:57:54] Starting iteration 7 - Story: P3-006 (Build PGA requirements lookup)
[2026-01-19 16:57:54] Prompt file created: /Users/smithchrish/Projects/sourcify/.ralph/iteration-7-prompt.md (    1883 lines)
[2026-01-19 16:57:54] Launching cursor-agent...
[2026-01-19 17:01:01] cursor-agent finished (exit code: 1, duration: 187s)
[2026-01-19 17:01:01] Output log: /Users/smithchrish/Projects/sourcify/.ralph/iteration-7.log (       3 lines)
[2026-01-19 17:01:01] ⚠️ Story not marked complete. Stories remaining: 3
[2026-01-19 17:01:01] Latest commit: aa74b41 docs: update progress - Phase 0 complete
[2026-01-19 17:01:04] Starting iteration 8 - Story: P3-006 (Build PGA requirements lookup)
[2026-01-19 17:01:04] Prompt file created: /Users/smithchrish/Projects/sourcify/.ralph/iteration-8-prompt.md (    1888 lines)
[2026-01-19 17:01:04] Launching cursor-agent...
[2026-01-19 17:03:57] cursor-agent finished (exit code: 1, duration: 173s)
[2026-01-19 17:03:57] Output log: /Users/smithchrish/Projects/sourcify/.ralph/iteration-8.log (       3 lines)
[2026-01-19 17:03:57] ⚠️ Story not marked complete. Stories remaining: 3
[2026-01-19 17:03:57] Latest commit: aa74b41 docs: update progress - Phase 0 complete
[2026-01-19 17:04:00] Starting iteration 9 - Story: P3-006 (Build PGA requirements lookup)
[2026-01-19 17:04:00] Prompt file created: /Users/smithchrish/Projects/sourcify/.ralph/iteration-9-prompt.md (    1893 lines)
[2026-01-19 17:04:00] Launching cursor-agent...
[2026-01-19 17:08:20] cursor-agent finished (exit code: 1, duration: 260s)
[2026-01-19 17:08:20] Output log: /Users/smithchrish/Projects/sourcify/.ralph/iteration-9.log (       3 lines)
[2026-01-19 17:08:20] ⚠️ Story not marked complete. Stories remaining: 3
[2026-01-19 17:08:20] Latest commit: aa74b41 docs: update progress - Phase 0 complete
[2026-01-19 17:08:23] Starting iteration 10 - Story: P3-006 (Build PGA requirements lookup)
[2026-01-19 17:08:23] Prompt file created: /Users/smithchrish/Projects/sourcify/.ralph/iteration-10-prompt.md (    1898 lines)
[2026-01-19 17:08:23] Launching cursor-agent...
[2026-01-19 17:09:13] cursor-agent finished (exit code: 1, duration: 50s)
[2026-01-19 17:09:13] Output log: /Users/smithchrish/Projects/sourcify/.ralph/iteration-10.log (       3 lines)
[2026-01-19 17:09:13] ⚠️ Story not marked complete. Stories remaining: 3
[2026-01-19 17:09:13] Latest commit: aa74b41 docs: update progress - Phase 0 complete
[2026-01-19 17:09:16] Max iterations reached. Stories remaining: 3

========================================
[2026-01-19 18:35:35] Ralph session started
[2026-01-19 18:35:35] Max iterations: 10
[2026-01-19 18:35:35] Starting iteration 1 - Story: P3-006 (Build PGA requirements lookup)
[2026-01-19 18:35:35] Prompt file created: /Users/smithchrish/Projects/sourcify/.ralph/iteration-1-prompt.md (     794 lines)
[2026-01-19 18:35:35] Launching cursor-agent...
[2026-01-19 18:39:06] cursor-agent finished (exit code: 0, duration: 211s)
[2026-01-19 18:39:06] Output log: /Users/smithchrish/Projects/sourcify/.ralph/iteration-1.log (      34 lines)
[2026-01-19 18:39:06] ✅ Story completed! Stories remaining: 2
[2026-01-19 18:39:06] Latest commit: aa74b41 docs: update progress - Phase 0 complete
[2026-01-19 18:39:09] Starting iteration 2 - Story: P3-007 (Index CBP rulings database)
[2026-01-19 18:39:09] Prompt file created: /Users/smithchrish/Projects/sourcify/.ralph/iteration-2-prompt.md (     795 lines)
[2026-01-19 18:39:09] Launching cursor-agent...
[2026-01-19 18:42:45] cursor-agent finished (exit code: 1, duration: 216s)
[2026-01-19 18:42:45] Output log: /Users/smithchrish/Projects/sourcify/.ralph/iteration-2.log (       3 lines)
[2026-01-19 18:42:45] ⚠️ Story not marked complete. Stories remaining: 2
[2026-01-19 18:42:45] Latest commit: aa74b41 docs: update progress - Phase 0 complete
[2026-01-19 18:42:48] Starting iteration 3 - Story: P3-007 (Index CBP rulings database)
[2026-01-19 18:42:48] Prompt file created: /Users/smithchrish/Projects/sourcify/.ralph/iteration-3-prompt.md (     795 lines)
[2026-01-19 18:42:48] Launching cursor-agent...
[2026-01-19 18:44:35] cursor-agent finished (exit code: 1, duration: 107s)
[2026-01-19 18:44:35] Output log: /Users/smithchrish/Projects/sourcify/.ralph/iteration-3.log (       3 lines)
[2026-01-19 18:44:35] ⚠️ Story not marked complete. Stories remaining: 2
[2026-01-19 18:44:35] Latest commit: aa74b41 docs: update progress - Phase 0 complete
[2026-01-19 18:44:38] Starting iteration 4 - Story: P3-007 (Index CBP rulings database)
[2026-01-19 18:44:38] Prompt file created: /Users/smithchrish/Projects/sourcify/.ralph/iteration-4-prompt.md (     795 lines)
[2026-01-19 18:44:38] Launching cursor-agent...
[2026-01-19 18:49:33] cursor-agent finished (exit code: 1, duration: 295s)
[2026-01-19 18:49:33] Output log: /Users/smithchrish/Projects/sourcify/.ralph/iteration-4.log (       3 lines)
[2026-01-19 18:49:33] ⚠️ Story not marked complete. Stories remaining: 2
[2026-01-19 18:49:33] Latest commit: aa74b41 docs: update progress - Phase 0 complete
[2026-01-19 18:49:36] Starting iteration 5 - Story: P3-007 (Index CBP rulings database)
[2026-01-19 18:49:36] Prompt file created: /Users/smithchrish/Projects/sourcify/.ralph/iteration-5-prompt.md (     795 lines)
[2026-01-19 18:49:36] Launching cursor-agent...
[2026-01-19 18:53:37] cursor-agent finished (exit code: 1, duration: 241s)
[2026-01-19 18:53:37] Output log: /Users/smithchrish/Projects/sourcify/.ralph/iteration-5.log (       3 lines)
[2026-01-19 18:53:37] ⚠️ Story not marked complete. Stories remaining: 2
[2026-01-19 18:53:37] Latest commit: aa74b41 docs: update progress - Phase 0 complete
[2026-01-19 18:53:40] Starting iteration 6 - Story: P3-007 (Index CBP rulings database)
[2026-01-19 18:53:40] Prompt file created: /Users/smithchrish/Projects/sourcify/.ralph/iteration-6-prompt.md (     795 lines)
[2026-01-19 18:53:40] Launching cursor-agent...
[2026-01-19 18:55:59] cursor-agent finished (exit code: 1, duration: 139s)
[2026-01-19 18:55:59] Output log: /Users/smithchrish/Projects/sourcify/.ralph/iteration-6.log (       3 lines)
[2026-01-19 18:55:59] ⚠️ Story not marked complete. Stories remaining: 2
[2026-01-19 18:55:59] Latest commit: aa74b41 docs: update progress - Phase 0 complete
[2026-01-19 18:56:02] Starting iteration 7 - Story: P3-007 (Index CBP rulings database)
[2026-01-19 18:56:02] Prompt file created: /Users/smithchrish/Projects/sourcify/.ralph/iteration-7-prompt.md (     795 lines)
[2026-01-19 18:56:02] Launching cursor-agent...
[2026-01-19 18:58:00] cursor-agent finished (exit code: 1, duration: 118s)
[2026-01-19 18:58:00] Output log: /Users/smithchrish/Projects/sourcify/.ralph/iteration-7.log (       3 lines)
[2026-01-19 18:58:00] ⚠️ Story not marked complete. Stories remaining: 2
[2026-01-19 18:58:00] Latest commit: aa74b41 docs: update progress - Phase 0 complete
[2026-01-19 18:58:03] Starting iteration 8 - Story: P3-007 (Index CBP rulings database)
[2026-01-19 18:58:03] Prompt file created: /Users/smithchrish/Projects/sourcify/.ralph/iteration-8-prompt.md (     795 lines)
[2026-01-19 18:58:03] Launching cursor-agent...
[2026-01-19 18:59:38] cursor-agent finished (exit code: 1, duration: 95s)
[2026-01-19 18:59:38] Output log: /Users/smithchrish/Projects/sourcify/.ralph/iteration-8.log (       3 lines)
[2026-01-19 18:59:38] ⚠️ Story not marked complete. Stories remaining: 2
[2026-01-19 18:59:38] Latest commit: aa74b41 docs: update progress - Phase 0 complete
[2026-01-19 18:59:41] Starting iteration 9 - Story: P3-007 (Index CBP rulings database)
[2026-01-19 18:59:41] Prompt file created: /Users/smithchrish/Projects/sourcify/.ralph/iteration-9-prompt.md (     795 lines)
[2026-01-19 18:59:41] Launching cursor-agent...
[2026-01-19 19:01:37] cursor-agent finished (exit code: 1, duration: 116s)
[2026-01-19 19:01:37] Output log: /Users/smithchrish/Projects/sourcify/.ralph/iteration-9.log (       3 lines)
[2026-01-19 19:01:37] ⚠️ Story not marked complete. Stories remaining: 2
[2026-01-19 19:01:37] Latest commit: aa74b41 docs: update progress - Phase 0 complete
[2026-01-19 19:01:40] Starting iteration 10 - Story: P3-007 (Index CBP rulings database)
[2026-01-19 19:01:40] Prompt file created: /Users/smithchrish/Projects/sourcify/.ralph/iteration-10-prompt.md (     795 lines)
[2026-01-19 19:01:40] Launching cursor-agent...
[2026-01-19 19:02:24] cursor-agent finished (exit code: 1, duration: 44s)
[2026-01-19 19:02:24] Output log: /Users/smithchrish/Projects/sourcify/.ralph/iteration-10.log (       3 lines)
[2026-01-19 19:02:24] ⚠️ Story not marked complete. Stories remaining: 2
[2026-01-19 19:02:24] Latest commit: aa74b41 docs: update progress - Phase 0 complete
[2026-01-19 19:02:27] Max iterations reached. Stories remaining: 2

========================================
[2026-01-19 19:04:31] Ralph session started
[2026-01-19 19:04:31] Max iterations: 5
[2026-01-19 19:04:31] Starting iteration 1 - Story: P3-007 (Index CBP rulings database)
[2026-01-19 19:04:31] Prompt file created: /Users/smithchrish/Projects/sourcify/.ralph/iteration-1-prompt.md (     795 lines)
[2026-01-19 19:04:31] Launching cursor-agent...
